-------------------------------------------------------------------------------
Test set: scooter.CreateCourierTest
-------------------------------------------------------------------------------
Tests run: 4, Failures: 1, Errors: 0, Skipped: 0, Time elapsed: 1.086 s <<< FAILURE! - in scooter.CreateCourierTest
checkTwoIdenticalCouriersCanNotBeCreated(scooter.CreateCourierTest)  Time elapsed: 0.335 s  <<< FAILURE!
java.lang.AssertionError: 
Ожидаемый текст ошибки: Этот логин уже используется. Фактический: Этот логин уже используется. Попробуйте другой.
Expected: "Этот логин уже используется"
     but: was "Этот логин уже используется. Попробуйте другой."
	at scooter.CreateCourierTest.checkTwoIdenticalCouriersCanNotBeCreated(CreateCourierTest.java:82)

