<?xml version="1.0" encoding="UTF-8"?>
<testsuite xmlns:xsi="http://www.w3.org/2001/XMLSchema-instance" xsi:noNamespaceSchemaLocation="https://maven.apache.org/surefire/maven-surefire-plugin/xsd/surefire-test-report.xsd" name="scooter.CourierLoginTest" time="67.028" tests="6" errors="0" skipped="0" failures="1">
  <properties>
[...]
</properties>
  <testcase name="canNotAuthorizeWithInvalidLogin" classname="scooter.CourierLoginTest" time="5.034"/>
  <testcase name="courierCanNotLoginWithoutPassword" classname="scooter.CourierLoginTest" time="60.393">
    <failure message="В приложении возможна авторизация без пароля&#10;Expected: &lt;400&gt;&#10;     but: was &lt;504&gt;" type="java.lang.AssertionError"><![CDATA[java.lang.AssertionError: 
В приложении возможна авторизация без пароля
Expected: <400>
     but: was <504>
	at scooter.CourierLoginTest.courierCanNotLoginWithoutPassword(CourierLoginTest.java:110)
]]></failure>
  </testcase>
  <testcase name="checkCourierCanAuthorize" classname="scooter.CourierLoginTest" time="0.357"/>
  <testcase name="courierCanNotLoginWithoutLogin" classname="scooter.CourierLoginTest" time="0.32"/>
  <testcase name="authorisationUnderANonExistentUserNegativeTest" classname="scooter.CourierLoginTest" time="0.296"/>
  <testcase name="canNotAuthorizeWithInvalidPassword" classname="scooter.CourierLoginTest" time="0.355"/>
</testsuite>