<?xml version="1.0" encoding="UTF-8"?>
<testsuite xmlns:xsi="http://www.w3.org/2001/XMLSchema-instance" xsi:noNamespaceSchemaLocation="https://maven.apache.org/surefire/maven-surefire-plugin/xsd/surefire-test-report.xsd" name="scooter.CreateCourierTest" time="1.184" tests="4" errors="0" skipped="0" failures="1">
  <properties>
[...]
</properties>
  <testcase name="checkCourierCanBeCreatedWithoutFirstNameTest" classname="scooter.CreateCourierTest" time="0.313"/>
  <testcase name="checkCourierCanBeCreatedTest" classname="scooter.CreateCourierTest" time="0.282"/>
  <testcase name="checkTwoIdenticalCouriersCanNotBeCreated" classname="scooter.CreateCourierTest" time="0.333">
    <failure message="Ожидаемый текст ошибки: Этот логин уже используется. Фактический: Этот логин уже используется. Попробуйте другой.&#10;Expected: &quot;Этот логин уже используется&quot;&#10;     but: was &quot;Этот логин уже используется. Попробуйте другой.&quot;" type="java.lang.AssertionError">java.lang.AssertionError: 
Ожидаемый текст ошибки: Этот логин уже используется. Фактический: Этот логин уже используется. Попробуйте другой.
Expected: "Этот логин уже используется"
     but: was "Этот логин уже используется. Попробуйте другой."
	at scooter.CreateCourierTest.checkTwoIdenticalCouriersCanNotBeCreated(CreateCourierTest.java:82)
</failure>
  </testcase>
  <testcase name="checkSuccessRequestReturnsOkTrueTest" classname="scooter.CreateCourierTest" time="0.252"/>
</testsuite>